CRITICAL - 2023-09-21 11:01:43 --> Class "App\Controllers\MainModel" not found
in APPPATH\Controllers\MainController.php on line 28.
 1 SYSTEMPATH\CodeIgniter.php(919): App\Controllers\MainController->index()
 2 SYSTEMPATH\CodeIgniter.php(494): CodeIgniter\CodeIgniter->runController(Object(App\Controllers\MainController))
 3 SYSTEMPATH\CodeIgniter.php(353): CodeIgniter\CodeIgniter->handleRequest(null, Object(Config\Cache), false)
 4 FCPATH\index.php(79): CodeIgniter\CodeIgniter->run()
 5 SYSTEMPATH\Commands\Server\rewrite.php(47): require_once('C:\\laragon\\www\\Lab1\\public\\index.php')
CRITICAL - 2023-09-21 11:02:06 --> Class "App\Controllers\MainModel" not found
in APPPATH\Controllers\MainController.php on line 28.
 1 SYSTEMPATH\CodeIgniter.php(919): App\Controllers\MainController->index()
 2 SYSTEMPATH\CodeIgniter.php(494): CodeIgniter\CodeIgniter->runController(Object(App\Controllers\MainController))
 3 SYSTEMPATH\CodeIgniter.php(353): CodeIgniter\CodeIgniter->handleRequest(null, Object(Config\Cache), false)
 4 FCPATH\index.php(79): CodeIgniter\CodeIgniter->run()
 5 SYSTEMPATH\Commands\Server\rewrite.php(47): require_once('C:\\laragon\\www\\Lab1\\public\\index.php')
CRITICAL - 2023-09-21 11:02:58 --> Class "App\Controllers\MainModel" not found
in APPPATH\Controllers\MainController.php on line 28.
 1 SYSTEMPATH\CodeIgniter.php(919): App\Controllers\MainController->index()
 2 SYSTEMPATH\CodeIgniter.php(494): CodeIgniter\CodeIgniter->runController(Object(App\Controllers\MainController))
 3 SYSTEMPATH\CodeIgniter.php(353): CodeIgniter\CodeIgniter->handleRequest(null, Object(Config\Cache), false)
 4 FCPATH\index.php(79): CodeIgniter\CodeIgniter->run()
 5 SYSTEMPATH\Commands\Server\rewrite.php(47): require_once('C:\\laragon\\www\\Lab1\\public\\index.php')
CRITICAL - 2023-09-21 11:02:59 --> Class "App\Controllers\MainModel" not found
in APPPATH\Controllers\MainController.php on line 28.
 1 SYSTEMPATH\CodeIgniter.php(919): App\Controllers\MainController->index()
 2 SYSTEMPATH\CodeIgniter.php(494): CodeIgniter\CodeIgniter->runController(Object(App\Controllers\MainController))
 3 SYSTEMPATH\CodeIgniter.php(353): CodeIgniter\CodeIgniter->handleRequest(null, Object(Config\Cache), false)
 4 FCPATH\index.php(79): CodeIgniter\CodeIgniter->run()
 5 SYSTEMPATH\Commands\Server\rewrite.php(47): require_once('C:\\laragon\\www\\Lab1\\public\\index.php')
CRITICAL - 2023-09-21 11:02:59 --> Class "App\Controllers\MainModel" not found
in APPPATH\Controllers\MainController.php on line 28.
 1 SYSTEMPATH\CodeIgniter.php(919): App\Controllers\MainController->index()
 2 SYSTEMPATH\CodeIgniter.php(494): CodeIgniter\CodeIgniter->runController(Object(App\Controllers\MainController))
 3 SYSTEMPATH\CodeIgniter.php(353): CodeIgniter\CodeIgniter->handleRequest(null, Object(Config\Cache), false)
 4 FCPATH\index.php(79): CodeIgniter\CodeIgniter->run()
 5 SYSTEMPATH\Commands\Server\rewrite.php(47): require_once('C:\\laragon\\www\\Lab1\\public\\index.php')
CRITICAL - 2023-09-21 11:02:59 --> Class "App\Controllers\MainModel" not found
in APPPATH\Controllers\MainController.php on line 28.
 1 SYSTEMPATH\CodeIgniter.php(919): App\Controllers\MainController->index()
 2 SYSTEMPATH\CodeIgniter.php(494): CodeIgniter\CodeIgniter->runController(Object(App\Controllers\MainController))
 3 SYSTEMPATH\CodeIgniter.php(353): CodeIgniter\CodeIgniter->handleRequest(null, Object(Config\Cache), false)
 4 FCPATH\index.php(79): CodeIgniter\CodeIgniter->run()
 5 SYSTEMPATH\Commands\Server\rewrite.php(47): require_once('C:\\laragon\\www\\Lab1\\public\\index.php')
CRITICAL - 2023-09-21 11:04:20 --> Class "App\Controllers\MainModel" not found
in APPPATH\Controllers\MainController.php on line 28.
 1 SYSTEMPATH\CodeIgniter.php(919): App\Controllers\MainController->index()
 2 SYSTEMPATH\CodeIgniter.php(494): CodeIgniter\CodeIgniter->runController(Object(App\Controllers\MainController))
 3 SYSTEMPATH\CodeIgniter.php(353): CodeIgniter\CodeIgniter->handleRequest(null, Object(Config\Cache), false)
 4 FCPATH\index.php(79): CodeIgniter\CodeIgniter->run()
 5 SYSTEMPATH\Commands\Server\rewrite.php(47): require_once('C:\\laragon\\www\\Lab1\\public\\index.php')
CRITICAL - 2023-09-21 11:04:21 --> Class "App\Controllers\MainModel" not found
in APPPATH\Controllers\MainController.php on line 28.
 1 SYSTEMPATH\CodeIgniter.php(919): App\Controllers\MainController->index()
 2 SYSTEMPATH\CodeIgniter.php(494): CodeIgniter\CodeIgniter->runController(Object(App\Controllers\MainController))
 3 SYSTEMPATH\CodeIgniter.php(353): CodeIgniter\CodeIgniter->handleRequest(null, Object(Config\Cache), false)
 4 FCPATH\index.php(79): CodeIgniter\CodeIgniter->run()
 5 SYSTEMPATH\Commands\Server\rewrite.php(47): require_once('C:\\laragon\\www\\Lab1\\public\\index.php')
CRITICAL - 2023-09-21 11:04:21 --> Class "App\Controllers\MainModel" not found
in APPPATH\Controllers\MainController.php on line 28.
 1 SYSTEMPATH\CodeIgniter.php(919): App\Controllers\MainController->index()
 2 SYSTEMPATH\CodeIgniter.php(494): CodeIgniter\CodeIgniter->runController(Object(App\Controllers\MainController))
 3 SYSTEMPATH\CodeIgniter.php(353): CodeIgniter\CodeIgniter->handleRequest(null, Object(Config\Cache), false)
 4 FCPATH\index.php(79): CodeIgniter\CodeIgniter->run()
 5 SYSTEMPATH\Commands\Server\rewrite.php(47): require_once('C:\\laragon\\www\\Lab1\\public\\index.php')
CRITICAL - 2023-09-21 11:04:21 --> Class "App\Controllers\MainModel" not found
in APPPATH\Controllers\MainController.php on line 28.
 1 SYSTEMPATH\CodeIgniter.php(919): App\Controllers\MainController->index()
 2 SYSTEMPATH\CodeIgniter.php(494): CodeIgniter\CodeIgniter->runController(Object(App\Controllers\MainController))
 3 SYSTEMPATH\CodeIgniter.php(353): CodeIgniter\CodeIgniter->handleRequest(null, Object(Config\Cache), false)
 4 FCPATH\index.php(79): CodeIgniter\CodeIgniter->run()
 5 SYSTEMPATH\Commands\Server\rewrite.php(47): require_once('C:\\laragon\\www\\Lab1\\public\\index.php')
CRITICAL - 2023-09-21 11:04:22 --> Class "App\Controllers\MainModel" not found
in APPPATH\Controllers\MainController.php on line 28.
 1 SYSTEMPATH\CodeIgniter.php(919): App\Controllers\MainController->index()
 2 SYSTEMPATH\CodeIgniter.php(494): CodeIgniter\CodeIgniter->runController(Object(App\Controllers\MainController))
 3 SYSTEMPATH\CodeIgniter.php(353): CodeIgniter\CodeIgniter->handleRequest(null, Object(Config\Cache), false)
 4 FCPATH\index.php(79): CodeIgniter\CodeIgniter->run()
 5 SYSTEMPATH\Commands\Server\rewrite.php(47): require_once('C:\\laragon\\www\\Lab1\\public\\index.php')
CRITICAL - 2023-09-21 12:16:10 --> Undefined variable $f
in APPPATH\Views\product.php on line 11.
 1 APPPATH\Views\product.php(11): CodeIgniter\Debug\Exceptions->errorHandler(2, 'Undefined variable $f', 'C:\\laragon\\www\\Lab1\\app\\Views\\product.php', 11)
 2 SYSTEMPATH\View\View.php(226): include('C:\\laragon\\www\\Lab1\\app\\Views\\product.php')
 3 SYSTEMPATH\View\View.php(229): CodeIgniter\View\View->CodeIgniter\View\{closure}()
 4 SYSTEMPATH\Common.php(1188): CodeIgniter\View\View->render('product', [], true)
 5 APPPATH\Controllers\MainController.php(30): view('product', [...])
 6 SYSTEMPATH\CodeIgniter.php(919): App\Controllers\MainController->index()
 7 SYSTEMPATH\CodeIgniter.php(494): CodeIgniter\CodeIgniter->runController(Object(App\Controllers\MainController))
 8 SYSTEMPATH\CodeIgniter.php(353): CodeIgniter\CodeIgniter->handleRequest(null, Object(Config\Cache), false)
 9 FCPATH\index.php(79): CodeIgniter\CodeIgniter->run()
10 SYSTEMPATH\Commands\Server\rewrite.php(47): require_once('C:\\laragon\\www\\Lab1\\public\\index.php')
CRITICAL - 2023-09-21 12:29:38 --> There is no data to update.
in SYSTEMPATH\BaseModel.php on line 1724.
 1 SYSTEMPATH\BaseModel.php(1724): CodeIgniter\Database\Exceptions\DataException::forEmptyDataset('update')
 2 SYSTEMPATH\BaseModel.php(916): CodeIgniter\BaseModel->transformDataToArray(null, 'update')
 3 SYSTEMPATH\Model.php(776): CodeIgniter\BaseModel->update(null, null)
 4 APPPATH\Controllers\MainController.php(29): CodeIgniter\Model->update()
 5 SYSTEMPATH\CodeIgniter.php(919): App\Controllers\MainController->update('2')
 6 SYSTEMPATH\CodeIgniter.php(494): CodeIgniter\CodeIgniter->runController(Object(App\Controllers\MainController))
 7 SYSTEMPATH\CodeIgniter.php(353): CodeIgniter\CodeIgniter->handleRequest(null, Object(Config\Cache), false)
 8 FCPATH\index.php(79): CodeIgniter\CodeIgniter->run()
 9 SYSTEMPATH\Commands\Server\rewrite.php(47): require_once('C:\\laragon\\www\\Lab1\\public\\index.php')
CRITICAL - 2023-09-21 12:30:09 --> There is no data to update.
in SYSTEMPATH\BaseModel.php on line 1724.
 1 SYSTEMPATH\BaseModel.php(1724): CodeIgniter\Database\Exceptions\DataException::forEmptyDataset('update')
 2 SYSTEMPATH\BaseModel.php(916): CodeIgniter\BaseModel->transformDataToArray(null, 'update')
 3 SYSTEMPATH\Model.php(776): CodeIgniter\BaseModel->update(null, null)
 4 APPPATH\Controllers\MainController.php(29): CodeIgniter\Model->update()
 5 SYSTEMPATH\CodeIgniter.php(919): App\Controllers\MainController->update('2')
 6 SYSTEMPATH\CodeIgniter.php(494): CodeIgniter\CodeIgniter->runController(Object(App\Controllers\MainController))
 7 SYSTEMPATH\CodeIgniter.php(353): CodeIgniter\CodeIgniter->handleRequest(null, Object(Config\Cache), false)
 8 FCPATH\index.php(79): CodeIgniter\CodeIgniter->run()
 9 SYSTEMPATH\Commands\Server\rewrite.php(47): require_once('C:\\laragon\\www\\Lab1\\public\\index.php')
CRITICAL - 2023-09-21 12:32:12 --> There is no data to update.
in SYSTEMPATH\BaseModel.php on line 1724.
 1 SYSTEMPATH\BaseModel.php(1724): CodeIgniter\Database\Exceptions\DataException::forEmptyDataset('update')
 2 SYSTEMPATH\BaseModel.php(916): CodeIgniter\BaseModel->transformDataToArray(null, 'update')
 3 SYSTEMPATH\Model.php(776): CodeIgniter\BaseModel->update(null, null)
 4 APPPATH\Controllers\MainController.php(29): CodeIgniter\Model->update()
 5 SYSTEMPATH\CodeIgniter.php(919): App\Controllers\MainController->update('1')
 6 SYSTEMPATH\CodeIgniter.php(494): CodeIgniter\CodeIgniter->runController(Object(App\Controllers\MainController))
 7 SYSTEMPATH\CodeIgniter.php(353): CodeIgniter\CodeIgniter->handleRequest(null, Object(Config\Cache), false)
 8 FCPATH\index.php(79): CodeIgniter\CodeIgniter->run()
 9 SYSTEMPATH\Commands\Server\rewrite.php(47): require_once('C:\\laragon\\www\\Lab1\\public\\index.php')
CRITICAL - 2023-09-21 13:44:27 --> Undefined property: App\Controllers\MainController::$product
in APPPATH\Controllers\MainController.php on line 38.
 1 APPPATH\Controllers\MainController.php(38): CodeIgniter\Debug\Exceptions->errorHandler(2, 'Undefined property: App\\Controllers\\MainController::$product', 'C:\\laragon\\www\\Lab1\\app\\Controllers\\MainController.php', 38)
 2 SYSTEMPATH\CodeIgniter.php(919): App\Controllers\MainController->index()
 3 SYSTEMPATH\CodeIgniter.php(494): CodeIgniter\CodeIgniter->runController(Object(App\Controllers\MainController))
 4 SYSTEMPATH\CodeIgniter.php(353): CodeIgniter\CodeIgniter->handleRequest(null, Object(Config\Cache), false)
 5 FCPATH\index.php(79): CodeIgniter\CodeIgniter->run()
 6 SYSTEMPATH\Commands\Server\rewrite.php(47): require_once('C:\\laragon\\www\\Lab1\\public\\index.php')
CRITICAL - 2023-09-21 13:45:50 --> Undefined property: App\Controllers\MainController::$product
in APPPATH\Controllers\MainController.php on line 38.
 1 APPPATH\Controllers\MainController.php(38): CodeIgniter\Debug\Exceptions->errorHandler(2, 'Undefined property: App\\Controllers\\MainController::$product', 'C:\\laragon\\www\\Lab1\\app\\Controllers\\MainController.php', 38)
 2 SYSTEMPATH\CodeIgniter.php(919): App\Controllers\MainController->index()
 3 SYSTEMPATH\CodeIgniter.php(494): CodeIgniter\CodeIgniter->runController(Object(App\Controllers\MainController))
 4 SYSTEMPATH\CodeIgniter.php(353): CodeIgniter\CodeIgniter->handleRequest(null, Object(Config\Cache), false)
 5 FCPATH\index.php(79): CodeIgniter\CodeIgniter->run()
 6 SYSTEMPATH\Commands\Server\rewrite.php(47): require_once('C:\\laragon\\www\\Lab1\\public\\index.php')
CRITICAL - 2023-09-21 13:45:51 --> Undefined property: App\Controllers\MainController::$product
in APPPATH\Controllers\MainController.php on line 38.
 1 APPPATH\Controllers\MainController.php(38): CodeIgniter\Debug\Exceptions->errorHandler(2, 'Undefined property: App\\Controllers\\MainController::$product', 'C:\\laragon\\www\\Lab1\\app\\Controllers\\MainController.php', 38)
 2 SYSTEMPATH\CodeIgniter.php(919): App\Controllers\MainController->index()
 3 SYSTEMPATH\CodeIgniter.php(494): CodeIgniter\CodeIgniter->runController(Object(App\Controllers\MainController))
 4 SYSTEMPATH\CodeIgniter.php(353): CodeIgniter\CodeIgniter->handleRequest(null, Object(Config\Cache), false)
 5 FCPATH\index.php(79): CodeIgniter\CodeIgniter->run()
 6 SYSTEMPATH\Commands\Server\rewrite.php(47): require_once('C:\\laragon\\www\\Lab1\\public\\index.php')
CRITICAL - 2023-09-21 14:16:43 --> Class "App\Models\ProductModel" not found
in APPPATH\Controllers\MainController.php on line 14.
 1 SYSTEMPATH\CodeIgniter.php(891): App\Controllers\MainController->__construct()
 2 SYSTEMPATH\CodeIgniter.php(485): CodeIgniter\CodeIgniter->createController()
 3 SYSTEMPATH\CodeIgniter.php(353): CodeIgniter\CodeIgniter->handleRequest(null, Object(Config\Cache), false)
 4 FCPATH\index.php(79): CodeIgniter\CodeIgniter->run()
 5 SYSTEMPATH\Commands\Server\rewrite.php(47): require_once('C:\\laragon\\www\\Lab1\\public\\index.php')
CRITICAL - 2023-09-21 14:17:25 --> Class "App\Models\CategoryModel" not found
in APPPATH\Controllers\MainController.php on line 15.
 1 SYSTEMPATH\CodeIgniter.php(891): App\Controllers\MainController->__construct()
 2 SYSTEMPATH\CodeIgniter.php(485): CodeIgniter\CodeIgniter->createController()
 3 SYSTEMPATH\CodeIgniter.php(353): CodeIgniter\CodeIgniter->handleRequest(null, Object(Config\Cache), false)
 4 FCPATH\index.php(79): CodeIgniter\CodeIgniter->run()
 5 SYSTEMPATH\Commands\Server\rewrite.php(47): require_once('C:\\laragon\\www\\Lab1\\public\\index.php')
CRITICAL - 2023-09-21 14:33:10 --> Invalid file: "product.php"
in SYSTEMPATH\Exceptions\FrameworkException.php on line 39.
 1 SYSTEMPATH\View\View.php(214): CodeIgniter\Exceptions\FrameworkException::forInvalidFile('product.php')
 2 SYSTEMPATH\Common.php(1188): CodeIgniter\View\View->render('product', [], true)
 3 APPPATH\Controllers\MainController.php(58): view('product', [...])
 4 SYSTEMPATH\CodeIgniter.php(919): App\Controllers\MainController->edit('7')
 5 SYSTEMPATH\CodeIgniter.php(494): CodeIgniter\CodeIgniter->runController(Object(App\Controllers\MainController))
 6 SYSTEMPATH\CodeIgniter.php(353): CodeIgniter\CodeIgniter->handleRequest(null, Object(Config\Cache), false)
 7 FCPATH\index.php(79): CodeIgniter\CodeIgniter->run()
 8 SYSTEMPATH\Commands\Server\rewrite.php(47): require_once('C:\\laragon\\www\\Lab1\\public\\index.php')
CRITICAL - 2023-09-21 14:34:30 --> Invalid file: "/product.php"
in SYSTEMPATH\Exceptions\FrameworkException.php on line 39.
 1 SYSTEMPATH\View\View.php(214): CodeIgniter\Exceptions\FrameworkException::forInvalidFile('/product.php')
 2 SYSTEMPATH\Common.php(1188): CodeIgniter\View\View->render('/product', [], true)
 3 APPPATH\Controllers\MainController.php(58): view('/product', [...])
 4 SYSTEMPATH\CodeIgniter.php(919): App\Controllers\MainController->edit('7')
 5 SYSTEMPATH\CodeIgniter.php(494): CodeIgniter\CodeIgniter->runController(Object(App\Controllers\MainController))
 6 SYSTEMPATH\CodeIgniter.php(353): CodeIgniter\CodeIgniter->handleRequest(null, Object(Config\Cache), false)
 7 FCPATH\index.php(79): CodeIgniter\CodeIgniter->run()
 8 SYSTEMPATH\Commands\Server\rewrite.php(47): require_once('C:\\laragon\\www\\Lab1\\public\\index.php')
